2019-10-25 09:53:21.230 +0800	INFO	org.springframework.boot.StartupInfoLogger	50	restartedMain	Starting CaBackendApplication on bogon with PID 31258 (/Users/mac/Desktop/Zh/target/classes started by mac in /Users/mac/Desktop/Zh)
2019-10-25 09:53:21.285 +0800	INFO	org.springframework.boot.SpringApplication	648	restartedMain	No active profile set, falling back to default profiles: default
2019-10-25 09:53:21.409 +0800	INFO	org.springframework.boot.logging.DeferredLog	225	restartedMain	Devtools property defaults active! Set 'spring.devtools.add-properties' to 'false' to disable
2019-10-25 09:53:21.413 +0800	INFO	org.springframework.boot.logging.DeferredLog	225	restartedMain	For additional web related logging consider setting the 'logging.level.web' property to 'DEBUG'
2019-10-25 09:53:23.158 +0800	INFO	org.springframework.data.repository.config.RepositoryConfigurationDelegate	126	restartedMain	Bootstrapping Spring Data repositories in DEFAULT mode.
2019-10-25 09:53:23.198 +0800	INFO	org.springframework.data.repository.config.RepositoryConfigurationDelegate	182	restartedMain	Finished Spring Data repository scanning in 31ms. Found 0 repository interfaces.
2019-10-25 09:53:24.074 +0800	INFO	org.springframework.context.support.PostProcessorRegistrationDelegate$BeanPostProcessorChecker	330	restartedMain	Bean 'org.springframework.transaction.annotation.ProxyTransactionManagementConfiguration' of type [org.springframework.transaction.annotation.ProxyTransactionManagementConfiguration$$EnhancerBySpringCGLIB$$d00ba835] is not eligible for getting processed by all BeanPostProcessors (for example: not eligible for auto-proxying)
2019-10-25 09:53:25.775 +0800	INFO	org.springframework.boot.web.embedded.tomcat.TomcatWebServer	90	restartedMain	Tomcat initialized with port(s): 9988 (http)
2019-10-25 09:53:25.953 +0800	INFO	org.apache.juli.logging.DirectJDKLog	173	restartedMain	Initializing ProtocolHandler ["http-nio-9988"]
2019-10-25 09:53:26.049 +0800	INFO	org.apache.juli.logging.DirectJDKLog	173	restartedMain	Starting service [Tomcat]
2019-10-25 09:53:26.050 +0800	INFO	org.apache.juli.logging.DirectJDKLog	173	restartedMain	Starting Servlet engine: [Apache Tomcat/9.0.24]
2019-10-25 09:53:26.755 +0800	INFO	org.apache.juli.logging.DirectJDKLog	173	restartedMain	Initializing Spring embedded WebApplicationContext
2019-10-25 09:53:26.756 +0800	INFO	org.springframework.boot.web.servlet.context.ServletWebServerApplicationContext	284	restartedMain	Root WebApplicationContext: initialization completed in 5343 ms
2019-10-25 09:53:33.425 +0800	INFO	com.mongodb.diagnostics.logging.SLF4JLogger	71	restartedMain	Cluster created with settings {hosts=[192.168.0.51:27017], mode=SINGLE, requiredClusterType=UNKNOWN, serverSelectionTimeout='30000 ms', maxWaitQueueSize=500}
2019-10-25 09:53:33.521 +0800	INFO	com.mongodb.diagnostics.logging.SLF4JLogger	71	cluster-ClusterId{value='5db2559d7308917a1a421113', description='null'}-192.168.0.51:27017	Opened connection [connectionId{localValue:1, serverValue:19}] to 192.168.0.51:27017
2019-10-25 09:53:33.527 +0800	INFO	com.mongodb.diagnostics.logging.SLF4JLogger	71	cluster-ClusterId{value='5db2559d7308917a1a421113', description='null'}-192.168.0.51:27017	Monitor thread successfully connected to server with description ServerDescription{address=192.168.0.51:27017, type=STANDALONE, state=CONNECTED, ok=true, version=ServerVersion{versionList=[3, 4, 10]}, minWireVersion=0, maxWireVersion=5, maxDocumentSize=16777216, logicalSessionTimeoutMinutes=null, roundTripTimeNanos=2863492}
2019-10-25 09:53:34.281 +0800	WARN	org.springframework.context.support.AbstractApplicationContext	557	restartedMain	Exception encountered during context initialization - cancelling refresh attempt: org.springframework.beans.factory.UnsatisfiedDependencyException: Error creating bean with name 'dataController': Unsatisfied dependency expressed through field 'dateService'; nested exception is org.springframework.beans.factory.UnsatisfiedDependencyException: Error creating bean with name 'dateService': Unsatisfied dependency expressed through field 'dataDao'; nested exception is org.springframework.beans.factory.NoSuchBeanDefinitionException: No qualifying bean of type 'cn.zh.zhbackend.canseeguan.dao.DataDao' available: expected at least 1 bean which qualifies as autowire candidate. Dependency annotations: {@org.springframework.beans.factory.annotation.Autowired(required=true)}
2019-10-25 09:53:34.289 +0800	INFO	org.apache.juli.logging.DirectJDKLog	173	restartedMain	Stopping service [Tomcat]
2019-10-25 09:53:34.308 +0800	INFO	org.springframework.boot.autoconfigure.logging.ConditionEvaluationReportLoggingListener	136	restartedMain	

Error starting ApplicationContext. To display the conditions report re-run your application with 'debug' enabled.
2019-10-25 09:53:34.550 +0800	ERROR	org.springframework.boot.diagnostics.LoggingFailureAnalysisReporter	40	restartedMain	

***************************
APPLICATION FAILED TO START
***************************

Description:

Field dataDao in cn.zh.zhbackend.canseeguan.service.DateService required a bean of type 'cn.zh.zhbackend.canseeguan.dao.DataDao' that could not be found.

The injection point has the following annotations:
	- @org.springframework.beans.factory.annotation.Autowired(required=true)


Action:

Consider defining a bean of type 'cn.zh.zhbackend.canseeguan.dao.DataDao' in your configuration.

2019-10-25 10:05:39.250 +0800	INFO	org.springframework.boot.StartupInfoLogger	50	restartedMain	Starting CaBackendApplication on bogon with PID 34552 (/Users/mac/Desktop/Zh/target/classes started by mac in /Users/mac/Desktop/Zh)
2019-10-25 10:05:39.262 +0800	INFO	org.springframework.boot.SpringApplication	648	restartedMain	No active profile set, falling back to default profiles: default
2019-10-25 10:05:39.484 +0800	INFO	org.springframework.boot.logging.DeferredLog	225	restartedMain	Devtools property defaults active! Set 'spring.devtools.add-properties' to 'false' to disable
2019-10-25 10:05:39.485 +0800	INFO	org.springframework.boot.logging.DeferredLog	225	restartedMain	For additional web related logging consider setting the 'logging.level.web' property to 'DEBUG'
2019-10-25 10:05:44.258 +0800	INFO	org.springframework.data.repository.config.RepositoryConfigurationDelegate	126	restartedMain	Bootstrapping Spring Data repositories in DEFAULT mode.
2019-10-25 10:05:44.477 +0800	INFO	org.springframework.data.repository.config.RepositoryConfigurationDelegate	182	restartedMain	Finished Spring Data repository scanning in 117ms. Found 0 repository interfaces.
2019-10-25 10:05:45.914 +0800	INFO	org.springframework.context.support.PostProcessorRegistrationDelegate$BeanPostProcessorChecker	330	restartedMain	Bean 'org.springframework.transaction.annotation.ProxyTransactionManagementConfiguration' of type [org.springframework.transaction.annotation.ProxyTransactionManagementConfiguration$$EnhancerBySpringCGLIB$$b320915] is not eligible for getting processed by all BeanPostProcessors (for example: not eligible for auto-proxying)
2019-10-25 10:05:47.497 +0800	INFO	org.springframework.boot.web.embedded.tomcat.TomcatWebServer	90	restartedMain	Tomcat initialized with port(s): 9988 (http)
2019-10-25 10:05:47.559 +0800	INFO	org.apache.juli.logging.DirectJDKLog	173	restartedMain	Initializing ProtocolHandler ["http-nio-9988"]
2019-10-25 10:05:47.585 +0800	INFO	org.apache.juli.logging.DirectJDKLog	173	restartedMain	Starting service [Tomcat]
2019-10-25 10:05:47.593 +0800	INFO	org.apache.juli.logging.DirectJDKLog	173	restartedMain	Starting Servlet engine: [Apache Tomcat/9.0.24]
2019-10-25 10:05:47.909 +0800	INFO	org.apache.juli.logging.DirectJDKLog	173	restartedMain	Initializing Spring embedded WebApplicationContext
2019-10-25 10:05:47.913 +0800	INFO	org.springframework.boot.web.servlet.context.ServletWebServerApplicationContext	284	restartedMain	Root WebApplicationContext: initialization completed in 8427 ms
2019-10-25 10:05:54.169 +0800	INFO	com.mongodb.diagnostics.logging.SLF4JLogger	71	restartedMain	Cluster created with settings {hosts=[192.168.0.51:27017], mode=SINGLE, requiredClusterType=UNKNOWN, serverSelectionTimeout='30000 ms', maxWaitQueueSize=500}
2019-10-25 10:05:54.269 +0800	INFO	com.mongodb.diagnostics.logging.SLF4JLogger	71	cluster-ClusterId{value='5db2588273089186f817a2d5', description='null'}-192.168.0.51:27017	Opened connection [connectionId{localValue:1, serverValue:25}] to 192.168.0.51:27017
2019-10-25 10:05:54.274 +0800	INFO	com.mongodb.diagnostics.logging.SLF4JLogger	71	cluster-ClusterId{value='5db2588273089186f817a2d5', description='null'}-192.168.0.51:27017	Monitor thread successfully connected to server with description ServerDescription{address=192.168.0.51:27017, type=STANDALONE, state=CONNECTED, ok=true, version=ServerVersion{versionList=[3, 4, 10]}, minWireVersion=0, maxWireVersion=5, maxDocumentSize=16777216, logicalSessionTimeoutMinutes=null, roundTripTimeNanos=2553207}
2019-10-25 10:05:55.333 +0800	INFO	org.springframework.scheduling.concurrent.ExecutorConfigurationSupport	171	restartedMain	Initializing ExecutorService 'applicationTaskExecutor'
2019-10-25 10:05:55.758 +0800	WARN	org.springframework.boot.devtools.autoconfigure.OptionalLiveReloadServer	60	restartedMain	Unable to start LiveReload server
2019-10-25 10:05:55.822 +0800	INFO	org.apache.juli.logging.DirectJDKLog	173	restartedMain	Starting ProtocolHandler ["http-nio-9988"]
2019-10-25 10:05:55.882 +0800	INFO	org.springframework.boot.web.embedded.tomcat.TomcatWebServer	202	restartedMain	Tomcat started on port(s): 9988 (http) with context path ''
2019-10-25 10:05:55.889 +0800	INFO	org.springframework.boot.StartupInfoLogger	59	restartedMain	Started CaBackendApplication in 18.589 seconds (JVM running for 24.312)
2019-10-25 10:06:34.300 +0800	INFO	com.mongodb.diagnostics.logging.SLF4JLogger	71	cluster-ClusterId{value='5db2588273089186f817a2d5', description='null'}-192.168.0.51:27017	Opened connection [connectionId{localValue:2, serverValue:28}] to 192.168.0.51:27017
2019-10-25 10:06:44.283 +0800	INFO	org.apache.juli.logging.DirectJDKLog	173	http-nio-9988-exec-1	Initializing Spring DispatcherServlet 'dispatcherServlet'
2019-10-25 10:06:44.284 +0800	INFO	org.springframework.web.servlet.FrameworkServlet	524	http-nio-9988-exec-1	Initializing Servlet 'dispatcherServlet'
2019-10-25 10:06:44.298 +0800	INFO	org.springframework.web.servlet.FrameworkServlet	546	http-nio-9988-exec-1	Completed initialization in 14 ms
2019-10-25 10:06:44.832 +0800	INFO	com.mongodb.diagnostics.logging.SLF4JLogger	71	http-nio-9988-exec-2	Opened connection [connectionId{localValue:3, serverValue:30}] to 192.168.0.51:27017
2019-10-25 10:06:45.309 +0800	INFO	cn.zh.zhbackend.canseeguan.service.Impl.AlarmEventServiceImpl	90	http-nio-9988-exec-4	INFO GetAlarmList:[AlarmModel(super=TagMappingModel(super=DeviceMappingModel(buildingId=b_jsju, floorId=Warning_Education_Centre_06, roomId=D_wenshu, deviceId=D_wenshu_humiture_01, deviceName=环境传感器M01, deviceType=ht, deviceMapString=JSJY-3C-AJ-M01), tagKey=ht_h, tagId=h_001, tagName=室内湿度1, tagUnit=null), title=室内湿度1（报警类型：null , 报警值：38.6 , 报警限值：null）, eventTime=2019-08-05 04:56:35, state=1, priority=4, rawData=Alarm(_id=5d474683e457350430611fee, SerialNo=1564952195692, ServerID=null, TagID=h_001, AlarmType=null, AlarmState=1, EventTime=1564952195000, EventValue=38.6, LimitValue=null, AlarmGroup=null, AlarmPriority=4, TagName=null, TagComment=null, AlarmComment=null, GroupName=null, Operator=null, Reviewer=null, ReviewTime=0, ReviewContent=null, AckTime=0, AckValue=null, AckOperator=null, RetTime=0, RetValue=null, RetOperator=null)), AlarmModel(super=TagMappingModel(super=DeviceMappingModel(buildingId=b_jsju, floorId=Warning_Education_Centre_06, roomId=D_wenshu, deviceId=D_wenshu_humiture_01, deviceName=环境传感器M01, deviceType=ht, deviceMapString=JSJY-3C-AJ-M01), tagKey=ht_t, tagId=t_001, tagName=室内温度1, tagUnit=null), title=室内温度1（报警类型：null , 报警值：39.3 , 报警限值：null）, eventTime=2019-08-05 04:56:35, state=1, priority=22, rawData=Alarm(_id=5d474683e457350430611fef, SerialNo=1564952195692, ServerID=null, TagID=t_001, AlarmType=null, AlarmState=1, EventTime=1564952195000, EventValue=39.3, LimitValue=null, AlarmGroup=null, AlarmPriority=22, TagName=null, TagComment=null, AlarmComment=null, GroupName=null, Operator=null, Reviewer=null, ReviewTime=0, ReviewContent=null, AckTime=0, AckValue=null, AckOperator=null, RetTime=0, RetValue=null, RetOperator=null)), AlarmModel(super=TagMappingModel(super=DeviceMappingModel(buildingId=b_jsju, floorId=Warning_Education_Centre_06, roomId=D_wenshu, deviceId=D_wenshu_humiture_02, deviceName=环境传感器M02, deviceType=ht, deviceMapString=JSJY-3C-AJ-M02), tagKey=ht_t, tagId=t_002, tagName=室内温度2, tagUnit=null), title=室内温度2（报警类型：null , 报警值：31.7 , 报警限值：null）, eventTime=2019-08-05 04:56:35, state=1, priority=32, rawData=Alarm(_id=5d474683e457350430611ff0, SerialNo=1564952195692, ServerID=null, TagID=t_002, AlarmType=null, AlarmState=1, EventTime=1564952195000, EventValue=31.7, LimitValue=null, AlarmGroup=null, AlarmPriority=32, TagName=null, TagComment=null, AlarmComment=null, GroupName=null, Operator=null, Reviewer=null, ReviewTime=0, ReviewContent=null, AckTime=0, AckValue=null, AckOperator=null, RetTime=0, RetValue=null, RetOperator=null))]
2019-10-25 10:07:14.316 +0800	INFO	com.mongodb.diagnostics.logging.SLF4JLogger	71	cluster-ClusterId{value='5db2588273089186f817a2d5', description='null'}-192.168.0.51:27017	Opened connection [connectionId{localValue:4, serverValue:32}] to 192.168.0.51:27017
2019-10-25 10:07:17.815 +0800	WARN	com.mongodb.diagnostics.logging.SLF4JLogger	86	http-nio-9988-exec-6	Got socket exception on connection [connectionId{localValue:3, serverValue:30}] to 192.168.0.51:27017. All connections to 192.168.0.51:27017 will be closed.
2019-10-25 10:07:17.818 +0800	INFO	com.mongodb.diagnostics.logging.SLF4JLogger	71	http-nio-9988-exec-6	Closed connection [connectionId{localValue:3, serverValue:30}] to 192.168.0.51:27017 because there was a socket exception raised by this connection.
2019-10-25 10:07:17.834 +0800	ERROR	org.apache.juli.logging.DirectJDKLog	175	http-nio-9988-exec-6	Servlet.service() for servlet [dispatcherServlet] in context with path [] threw exception [Request processing failed; nested exception is org.springframework.data.mongodb.UncategorizedMongoDbException: Exception receiving message; nested exception is com.mongodb.MongoSocketReadException: Exception receiving message] with root cause
java.net.SocketException: Connection reset
	at java.net.SocketInputStream.read(SocketInputStream.java:210) ~[?:1.8.0_221]
	at java.net.SocketInputStream.read(SocketInputStream.java:141) ~[?:1.8.0_221]
	at com.mongodb.internal.connection.SocketStream.read(SocketStream.java:89) ~[mongodb-driver-core-3.8.2.jar:?]
	at com.mongodb.internal.connection.InternalStreamConnection.receiveResponseBuffers(InternalStreamConnection.java:554) ~[mongodb-driver-core-3.8.2.jar:?]
	at com.mongodb.internal.connection.InternalStreamConnection.receiveMessage(InternalStreamConnection.java:425) ~[mongodb-driver-core-3.8.2.jar:?]
	at com.mongodb.internal.connection.InternalStreamConnection.receiveCommandMessageResponse(InternalStreamConnection.java:289) ~[mongodb-driver-core-3.8.2.jar:?]
	at com.mongodb.internal.connection.InternalStreamConnection.sendAndReceive(InternalStreamConnection.java:255) ~[mongodb-driver-core-3.8.2.jar:?]
	at com.mongodb.internal.connection.UsageTrackingInternalConnection.sendAndReceive(UsageTrackingInternalConnection.java:99) ~[mongodb-driver-core-3.8.2.jar:?]
	at com.mongodb.internal.connection.DefaultConnectionPool$PooledConnection.sendAndReceive(DefaultConnectionPool.java:444) ~[mongodb-driver-core-3.8.2.jar:?]
	at com.mongodb.internal.connection.CommandProtocolImpl.execute(CommandProtocolImpl.java:72) ~[mongodb-driver-core-3.8.2.jar:?]
	at com.mongodb.internal.connection.DefaultServer$DefaultServerProtocolExecutor.execute(DefaultServer.java:200) ~[mongodb-driver-core-3.8.2.jar:?]
	at com.mongodb.internal.connection.DefaultServerConnection.executeProtocol(DefaultServerConnection.java:269) ~[mongodb-driver-core-3.8.2.jar:?]
	at com.mongodb.internal.connection.DefaultServerConnection.command(DefaultServerConnection.java:131) ~[mongodb-driver-core-3.8.2.jar:?]
	at com.mongodb.internal.connection.DefaultServerConnection.command(DefaultServerConnection.java:123) ~[mongodb-driver-core-3.8.2.jar:?]
	at com.mongodb.operation.CommandOperationHelper.executeWrappedCommandProtocol(CommandOperationHelper.java:242) ~[mongodb-driver-core-3.8.2.jar:?]
	at com.mongodb.operation.CommandOperationHelper.executeWrappedCommandProtocol(CommandOperationHelper.java:233) ~[mongodb-driver-core-3.8.2.jar:?]
	at com.mongodb.operation.CommandOperationHelper.executeWrappedCommandProtocol(CommandOperationHelper.java:136) ~[mongodb-driver-core-3.8.2.jar:?]
	at com.mongodb.operation.FindOperation$1.call(FindOperation.java:701) ~[mongodb-driver-core-3.8.2.jar:?]
	at com.mongodb.operation.FindOperation$1.call(FindOperation.java:695) ~[mongodb-driver-core-3.8.2.jar:?]
	at com.mongodb.operation.OperationHelper.withConnectionSource(OperationHelper.java:462) ~[mongodb-driver-core-3.8.2.jar:?]
	at com.mongodb.operation.OperationHelper.withConnection(OperationHelper.java:406) ~[mongodb-driver-core-3.8.2.jar:?]
	at com.mongodb.operation.FindOperation.execute(FindOperation.java:695) ~[mongodb-driver-core-3.8.2.jar:?]
	at com.mongodb.operation.FindOperation.execute(FindOperation.java:83) ~[mongodb-driver-core-3.8.2.jar:?]
	at com.mongodb.client.internal.MongoClientDelegate$DelegateOperationExecutor.execute(MongoClientDelegate.java:179) ~[mongodb-driver-3.8.2.jar:?]
	at com.mongodb.client.internal.MongoIterableImpl.execute(MongoIterableImpl.java:132) ~[mongodb-driver-3.8.2.jar:?]
	at com.mongodb.client.internal.MongoIterableImpl.iterator(MongoIterableImpl.java:86) ~[mongodb-driver-3.8.2.jar:?]
	at org.springframework.data.mongodb.core.MongoTemplate.executeFindMultiInternal(MongoTemplate.java:2671) ~[spring-data-mongodb-2.1.10.RELEASE.jar:2.1.10.RELEASE]
	at org.springframework.data.mongodb.core.MongoTemplate.doFind(MongoTemplate.java:2408) ~[spring-data-mongodb-2.1.10.RELEASE.jar:2.1.10.RELEASE]
	at org.springframework.data.mongodb.core.MongoTemplate.doFind(MongoTemplate.java:2391) ~[spring-data-mongodb-2.1.10.RELEASE.jar:2.1.10.RELEASE]
	at org.springframework.data.mongodb.core.MongoTemplate.find(MongoTemplate.java:829) ~[spring-data-mongodb-2.1.10.RELEASE.jar:2.1.10.RELEASE]
	at org.springframework.data.mongodb.core.MongoTemplate.find(MongoTemplate.java:815) ~[spring-data-mongodb-2.1.10.RELEASE.jar:2.1.10.RELEASE]
	at cn.zh.zhbackend.canseeguan.dao.UserDao.login(UserDao.java:32) ~[classes/:?]
	at cn.zh.zhbackend.canseeguan.service.Impl.UserService.login(UserService.java:24) ~[classes/:?]
	at cn.zh.zhbackend.canseeguan.controller.userController.login(userController.java:31) ~[classes/:?]
	at sun.reflect.NativeMethodAccessorImpl.invoke0(Native Method) ~[?:1.8.0_221]
	at sun.reflect.NativeMethodAccessorImpl.invoke(NativeMethodAccessorImpl.java:62) ~[?:1.8.0_221]
	at sun.reflect.DelegatingMethodAccessorImpl.invoke(DelegatingMethodAccessorImpl.java:43) ~[?:1.8.0_221]
	at java.lang.reflect.Method.invoke(Method.java:498) ~[?:1.8.0_221]
	at org.springframework.web.method.support.InvocableHandlerMethod.doInvoke(InvocableHandlerMethod.java:190) ~[spring-web-5.1.9.RELEASE.jar:5.1.9.RELEASE]
	at org.springframework.web.method.support.InvocableHandlerMethod.invokeForRequest(InvocableHandlerMethod.java:138) ~[spring-web-5.1.9.RELEASE.jar:5.1.9.RELEASE]
	at org.springframework.web.servlet.mvc.method.annotation.ServletInvocableHandlerMethod.invokeAndHandle(ServletInvocableHandlerMethod.java:104) ~[spring-webmvc-5.1.9.RELEASE.jar:5.1.9.RELEASE]
	at org.springframework.web.servlet.mvc.method.annotation.RequestMappingHandlerAdapter.invokeHandlerMethod(RequestMappingHandlerAdapter.java:892) ~[spring-webmvc-5.1.9.RELEASE.jar:5.1.9.RELEASE]
	at org.springframework.web.servlet.mvc.method.annotation.RequestMappingHandlerAdapter.handleInternal(RequestMappingHandlerAdapter.java:797) ~[spring-webmvc-5.1.9.RELEASE.jar:5.1.9.RELEASE]
	at org.springframework.web.servlet.mvc.method.AbstractHandlerMethodAdapter.handle(AbstractHandlerMethodAdapter.java:87) ~[spring-webmvc-5.1.9.RELEASE.jar:5.1.9.RELEASE]
	at org.springframework.web.servlet.DispatcherServlet.doDispatch(DispatcherServlet.java:1039) ~[spring-webmvc-5.1.9.RELEASE.jar:5.1.9.RELEASE]
	at org.springframework.web.servlet.DispatcherServlet.doService(DispatcherServlet.java:942) ~[spring-webmvc-5.1.9.RELEASE.jar:5.1.9.RELEASE]
	at org.springframework.web.servlet.FrameworkServlet.processRequest(FrameworkServlet.java:1005) ~[spring-webmvc-5.1.9.RELEASE.jar:5.1.9.RELEASE]
	at org.springframework.web.servlet.FrameworkServlet.doPost(FrameworkServlet.java:908) ~[spring-webmvc-5.1.9.RELEASE.jar:5.1.9.RELEASE]
	at javax.servlet.http.HttpServlet.service(HttpServlet.java:660) ~[tomcat-embed-core-9.0.24.jar:9.0.24]
	at org.springframework.web.servlet.FrameworkServlet.service(FrameworkServlet.java:882) ~[spring-webmvc-5.1.9.RELEASE.jar:5.1.9.RELEASE]
	at javax.servlet.http.HttpServlet.service(HttpServlet.java:741) ~[tomcat-embed-core-9.0.24.jar:9.0.24]
	at org.apache.catalina.core.ApplicationFilterChain.internalDoFilter(ApplicationFilterChain.java:231) ~[tomcat-embed-core-9.0.24.jar:9.0.24]
	at org.apache.catalina.core.ApplicationFilterChain.doFilter(ApplicationFilterChain.java:166) ~[tomcat-embed-core-9.0.24.jar:9.0.24]
	at org.apache.tomcat.websocket.server.WsFilter.doFilter(WsFilter.java:53) ~[tomcat-embed-websocket-9.0.24.jar:9.0.24]
	at org.apache.catalina.core.ApplicationFilterChain.internalDoFilter(ApplicationFilterChain.java:193) ~[tomcat-embed-core-9.0.24.jar:9.0.24]
	at org.apache.catalina.core.ApplicationFilterChain.doFilter(ApplicationFilterChain.java:166) ~[tomcat-embed-core-9.0.24.jar:9.0.24]
	at org.springframework.web.filter.RequestContextFilter.doFilterInternal(RequestContextFilter.java:99) ~[spring-web-5.1.9.RELEASE.jar:5.1.9.RELEASE]
	at org.springframework.web.filter.OncePerRequestFilter.doFilter(OncePerRequestFilter.java:118) ~[spring-web-5.1.9.RELEASE.jar:5.1.9.RELEASE]
	at org.apache.catalina.core.ApplicationFilterChain.internalDoFilter(ApplicationFilterChain.java:193) ~[tomcat-embed-core-9.0.24.jar:9.0.24]
	at org.apache.catalina.core.ApplicationFilterChain.doFilter(ApplicationFilterChain.java:166) ~[tomcat-embed-core-9.0.24.jar:9.0.24]
	at org.springframework.web.filter.FormContentFilter.doFilterInternal(FormContentFilter.java:92) ~[spring-web-5.1.9.RELEASE.jar:5.1.9.RELEASE]
	at org.springframework.web.filter.OncePerRequestFilter.doFilter(OncePerRequestFilter.java:118) ~[spring-web-5.1.9.RELEASE.jar:5.1.9.RELEASE]
	at org.apache.catalina.core.ApplicationFilterChain.internalDoFilter(ApplicationFilterChain.java:193) ~[tomcat-embed-core-9.0.24.jar:9.0.24]
	at org.apache.catalina.core.ApplicationFilterChain.doFilter(ApplicationFilterChain.java:166) ~[tomcat-embed-core-9.0.24.jar:9.0.24]
	at org.springframework.web.filter.HiddenHttpMethodFilter.doFilterInternal(HiddenHttpMethodFilter.java:93) ~[spring-web-5.1.9.RELEASE.jar:5.1.9.RELEASE]
	at org.springframework.web.filter.OncePerRequestFilter.doFilter(OncePerRequestFilter.java:118) ~[spring-web-5.1.9.RELEASE.jar:5.1.9.RELEASE]
	at org.apache.catalina.core.ApplicationFilterChain.internalDoFilter(ApplicationFilterChain.java:193) ~[tomcat-embed-core-9.0.24.jar:9.0.24]
	at org.apache.catalina.core.ApplicationFilterChain.doFilter(ApplicationFilterChain.java:166) ~[tomcat-embed-core-9.0.24.jar:9.0.24]
	at org.springframework.web.filter.CharacterEncodingFilter.doFilterInternal(CharacterEncodingFilter.java:200) ~[spring-web-5.1.9.RELEASE.jar:5.1.9.RELEASE]
	at org.springframework.web.filter.OncePerRequestFilter.doFilter(OncePerRequestFilter.java:118) ~[spring-web-5.1.9.RELEASE.jar:5.1.9.RELEASE]
	at org.apache.catalina.core.ApplicationFilterChain.internalDoFilter(ApplicationFilterChain.java:193) ~[tomcat-embed-core-9.0.24.jar:9.0.24]
	at org.apache.catalina.core.ApplicationFilterChain.doFilter(ApplicationFilterChain.java:166) ~[tomcat-embed-core-9.0.24.jar:9.0.24]
	at org.apache.catalina.core.StandardWrapperValve.invoke(StandardWrapperValve.java:202) [tomcat-embed-core-9.0.24.jar:9.0.24]
	at org.apache.catalina.core.StandardContextValve.invoke(StandardContextValve.java:96) [tomcat-embed-core-9.0.24.jar:9.0.24]
	at org.apache.catalina.authenticator.AuthenticatorBase.invoke(AuthenticatorBase.java:526) [tomcat-embed-core-9.0.24.jar:9.0.24]
	at org.apache.catalina.core.StandardHostValve.invoke(StandardHostValve.java:139) [tomcat-embed-core-9.0.24.jar:9.0.24]
	at org.apache.catalina.valves.ErrorReportValve.invoke(ErrorReportValve.java:92) [tomcat-embed-core-9.0.24.jar:9.0.24]
	at org.apache.catalina.core.StandardEngineValve.invoke(StandardEngineValve.java:74) [tomcat-embed-core-9.0.24.jar:9.0.24]
	at org.apache.catalina.connector.CoyoteAdapter.service(CoyoteAdapter.java:343) [tomcat-embed-core-9.0.24.jar:9.0.24]
	at org.apache.coyote.http11.Http11Processor.service(Http11Processor.java:408) [tomcat-embed-core-9.0.24.jar:9.0.24]
	at org.apache.coyote.AbstractProcessorLight.process(AbstractProcessorLight.java:66) [tomcat-embed-core-9.0.24.jar:9.0.24]
	at org.apache.coyote.AbstractProtocol$ConnectionHandler.process(AbstractProtocol.java:860) [tomcat-embed-core-9.0.24.jar:9.0.24]
	at org.apache.tomcat.util.net.NioEndpoint$SocketProcessor.doRun(NioEndpoint.java:1587) [tomcat-embed-core-9.0.24.jar:9.0.24]
	at org.apache.tomcat.util.net.SocketProcessorBase.run(SocketProcessorBase.java:49) [tomcat-embed-core-9.0.24.jar:9.0.24]
	at java.util.concurrent.ThreadPoolExecutor.runWorker(ThreadPoolExecutor.java:1149) [?:1.8.0_221]
	at java.util.concurrent.ThreadPoolExecutor$Worker.run(ThreadPoolExecutor.java:624) [?:1.8.0_221]
	at org.apache.tomcat.util.threads.TaskThread$WrappingRunnable.run(TaskThread.java:61) [tomcat-embed-core-9.0.24.jar:9.0.24]
	at java.lang.Thread.run(Thread.java:748) [?:1.8.0_221]
2019-10-25 10:07:47.824 +0800	INFO	com.mongodb.diagnostics.logging.SLF4JLogger	71	cluster-ClusterId{value='5db2588273089186f817a2d5', description='null'}-192.168.0.51:27017	Opened connection [connectionId{localValue:5, serverValue:34}] to 192.168.0.51:27017
2019-10-25 10:07:55.108 +0800	INFO	com.mongodb.diagnostics.logging.SLF4JLogger	71	http-nio-9988-exec-8	Opened connection [connectionId{localValue:6, serverValue:35}] to 192.168.0.51:27017
2019-10-25 10:08:00.927 +0800	INFO	com.mongodb.diagnostics.logging.SLF4JLogger	71	http-nio-9988-exec-10	Opened connection [connectionId{localValue:7, serverValue:36}] to 192.168.0.51:27017
2019-10-25 10:08:27.840 +0800	INFO	com.mongodb.diagnostics.logging.SLF4JLogger	71	cluster-ClusterId{value='5db2588273089186f817a2d5', description='null'}-192.168.0.51:27017	Opened connection [connectionId{localValue:8, serverValue:37}] to 192.168.0.51:27017
2019-10-25 10:09:07.852 +0800	INFO	com.mongodb.diagnostics.logging.SLF4JLogger	71	cluster-ClusterId{value='5db2588273089186f817a2d5', description='null'}-192.168.0.51:27017	Opened connection [connectionId{localValue:9, serverValue:38}] to 192.168.0.51:27017
2019-10-25 10:09:47.871 +0800	INFO	com.mongodb.diagnostics.logging.SLF4JLogger	71	cluster-ClusterId{value='5db2588273089186f817a2d5', description='null'}-192.168.0.51:27017	Opened connection [connectionId{localValue:10, serverValue:39}] to 192.168.0.51:27017
2019-10-25 10:10:27.886 +0800	INFO	com.mongodb.diagnostics.logging.SLF4JLogger	71	cluster-ClusterId{value='5db2588273089186f817a2d5', description='null'}-192.168.0.51:27017	Opened connection [connectionId{localValue:11, serverValue:41}] to 192.168.0.51:27017
